Arguments: 
  /home/zac/.nvm/versions/node/v6.4.0/bin/node /usr/share/yarn/bin/yarn.js add webpack

PATH: 
  /home/zac/.nvm/versions/node/v6.4.0/bin:/home/zac/.anyenv/envs/crenv/shims:/home/zac/.anyenv/envs/crenv/bin:/home/zac/.anyenv/bin:/home/zac/local/bin:/home/zac/bin:/home/zac/xiki/bin:/usr/local/heroku/bin:/home/zac/.rbenv/shims:/home/zac/.rbenv/bin:/home/zac/local/bin:/home/zac/bin:/usr/local/sbin:/usr/local/bin:/usr/sbin:/usr/bin:/sbin:/bin:/usr/games:/usr/local/games:/snap/bin

Yarn version: 
  0.16.0

Node version: 
  6.4.0

Platform: 
  linux x64

npm manifest: 
  {
    "name": "fcc-calculator",
    "version": "1.0.0",
    "main": "app.js",
    "repository": {
      "url": "git@github.com:zcassini/fcc-calculator.git",
      "type": "git"
    },
    "author": "Zac Cassini <zcassini@gmail.com>",
    "license": "MIT"
  }

yarn manifest: 
  No manifest

bower manifest: 
  No manifest

Lockfile: 
  No lockfile

Trace: 
  TypeError: Cannot use 'in' operator to search for 'latest' in undefined
      at /usr/share/yarn/lib/resolvers/registries/npm-resolver.js:62:24
      at next (native)
      at step (/usr/share/yarn/node_modules/babel-runtime/helpers/asyncToGenerator.js:17:30)
      at /usr/share/yarn/node_modules/babel-runtime/helpers/asyncToGenerator.js:35:14
      at new Promise (/usr/share/yarn/node_modules/core-js/library/modules/es6.promise.js:191:7)
      at /usr/share/yarn/node_modules/babel-runtime/helpers/asyncToGenerator.js:14:12
      at Function.findVersionInRegistryResponse (/usr/share/yarn/lib/resolvers/registries/npm-resolver.js:72:7)
      at /usr/share/yarn/lib/resolvers/registries/npm-resolver.js:89:34
      at next (native)
      at step (/usr/share/yarn/node_modules/babel-runtime/helpers/asyncToGenerator.js:17:30)
